Running unit tests for v0-pre_cross_encoder...
cd ./model/v0/model/pre_cross_encoder && python3 -m pytest -p no:warnings -vv --cov=.
============================= test session starts ==============================
platform darwin -- Python 3.13.3, pytest-8.3.3, pluggy-1.6.0 -- /Users/sindhumadicherla/Work/mlops-vector-labelling-service/vsl/bin/python3
cachedir: .pytest_cache
rootdir: /Users/sindhumadicherla/Work/mlops-vector-labelling-service/model/v0/model/pre_cross_encoder
plugins: cov-3.0.0
collecting ... collected 7 items

1/test_pre_cross_encoder_tests.py::TestCreatePairs::test_create_pairs_algo_6_with_nested_results PASSED [ 14%]
1/test_pre_cross_encoder_tests.py::TestCreatePairs::test_create_pairs_algo_6_with_flat_results PASSED [ 28%]
1/test_pre_cross_encoder_tests.py::TestCreatePairs::test_create_pairs_algo_3_with_nested_results PASSED [ 42%]
1/test_pre_cross_encoder_tests.py::TestCreatePairs::test_create_pairs_algo_3_with_flat_results PASSED [ 57%]
1/test_pre_cross_encoder_tests.py::TestSemanticSearchPipelines::test_format_search_results PASSED [ 71%]
1/test_pre_cross_encoder_tests.py::TestSemanticSearchPipelines::test_validate_results_empty_results PASSED [ 85%]
1/test_pre_cross_encoder_tests.py::TestSemanticSearchPipelines::test_search PASSED [100%]

---------- coverage: platform darwin, python 3.13.3-final-0 ----------
Name                                Stmts   Miss  Cover
-------------------------------------------------------
1/semantic_search.py                   73     16    78%
1/test_pre_cross_encoder_tests.py      79      1    99%
-------------------------------------------------------
TOTAL                                 152     17    89%


============================== 7 passed in 0.19s ===============================
Running unit tests for v0-post_cross_encoder...
cd ./model/v0/model/post_cross_encoder && python3 -m pytest -p no:warnings -vv --cov=.
============================= test session starts ==============================
platform darwin -- Python 3.13.3, pytest-8.3.3, pluggy-1.6.0 -- /Users/sindhumadicherla/Work/mlops-vector-labelling-service/vsl/bin/python3
cachedir: .pytest_cache
rootdir: /Users/sindhumadicherla/Work/mlops-vector-labelling-service/model/v0/model/post_cross_encoder
plugins: cov-3.0.0
collecting ... collected 56 items

1/test_chunk_booster.py::test_add_surrounding_elements_with_zero_surround_num[test_input0-expected0] PASSED [  1%]
1/test_chunk_booster.py::test_add_surrounding_elements_with_zero_surround_num[test_input1-expected1] PASSED [  3%]
1/test_chunk_booster.py::test_add_surrounding_elements_with_zero_surround_num[test_input2-expected2] PASSED [  5%]
1/test_chunk_booster.py::test_add_surrounding_elements_with_one_surround_num[test_input0-expected0] PASSED [  7%]
1/test_chunk_booster.py::test_add_surrounding_elements_with_one_surround_num[test_input1-expected1] PASSED [  8%]
1/test_chunk_booster.py::test_add_surrounding_elements_with_one_surround_num[test_input2-expected2] PASSED [ 10%]
1/test_chunk_booster.py::test_add_in_between_elements_with_distance_zero[test_input0-expected0] PASSED [ 12%]
1/test_chunk_booster.py::test_add_in_between_elements_with_distance_zero[test_input1-expected1] PASSED [ 14%]
1/test_chunk_booster.py::test_add_in_between_elements_with_distance_zero[test_input2-expected2] PASSED [ 16%]
1/test_chunk_booster.py::test_add_in_between_elements_with_distance_one[test_input0-expected0] PASSED [ 17%]
1/test_chunk_booster.py::test_add_in_between_elements_with_distance_one[test_input1-expected1] PASSED [ 19%]
1/test_chunk_booster.py::test_add_in_between_elements_with_distance_one[test_input2-expected2] PASSED [ 21%]
1/test_chunk_booster.py::test_add_in_between_elements_with_distance_three[test_input0-expected0] PASSED [ 23%]
1/test_chunk_booster.py::test_add_in_between_elements_with_distance_three[test_input1-expected1] PASSED [ 25%]
1/test_chunk_booster.py::test_add_in_between_elements_with_distance_three[test_input2-expected2] PASSED [ 26%]
1/test_chunk_booster.py::test_boost_elementswith_surround_0_distance_0[test_input0-expected0] PASSED [ 28%]
1/test_chunk_booster.py::test_boost_elementswith_surround_0_distance_0[test_input1-expected1] PASSED [ 30%]
1/test_chunk_booster.py::test_boost_elementswith_surround_0_distance_0[test_input2-expected2] PASSED [ 32%]
1/test_chunk_booster.py::test_boost_elements_with_surround_1_distance_0[test_input0-expected0] PASSED [ 33%]
1/test_chunk_booster.py::test_boost_elements_with_surround_1_distance_0[test_input1-expected1] PASSED [ 35%]
1/test_chunk_booster.py::test_boost_elements_with_surround_1_distance_0[test_input2-expected2] PASSED [ 37%]
1/test_chunk_booster.py::test_boost_elements_with_surround_0_distance_1[test_input0-expected0] PASSED [ 39%]
1/test_chunk_booster.py::test_boost_elements_with_surround_0_distance_1[test_input1-expected1] PASSED [ 41%]
1/test_chunk_booster.py::test_boost_elements_with_surround_0_distance_1[test_input2-expected2] PASSED [ 42%]
1/test_chunk_booster.py::test_boost_elementswith_surround_1_distance_1[test_input0-expected0] PASSED [ 44%]
1/test_chunk_booster.py::test_boost_elementswith_surround_1_distance_1[test_input1-expected1] PASSED [ 46%]
1/test_chunk_booster.py::test_boost_elementswith_surround_1_distance_1[test_input2-expected2] PASSED [ 48%]
1/test_chunk_booster.py::test_identify_elements_to_add_with_surround_0_distance_0[test_input0-expected0] PASSED [ 50%]
1/test_chunk_booster.py::test_identify_elements_to_add_with_surround_0_distance_0[test_input1-expected1] PASSED [ 51%]
1/test_chunk_booster.py::test_identify_elements_to_add_with_surround_0_distance_0[test_input2-expected2] PASSED [ 53%]
1/test_chunk_booster.py::test_identify_elements_to_add_with_surround_1_distance_0[test_input0-expected0] PASSED [ 55%]
1/test_chunk_booster.py::test_identify_elements_to_add_with_surround_1_distance_0[test_input1-expected1] PASSED [ 57%]
1/test_chunk_booster.py::test_identify_elements_to_add_with_surround_1_distance_0[test_input2-expected2] PASSED [ 58%]
1/test_chunk_booster.py::test_identify_elements_to_add_with_surround__distance_1[test_input0-expected0] PASSED [ 60%]
1/test_chunk_booster.py::test_identify_elements_to_add_with_surround__distance_1[test_input1-expected1] PASSED [ 62%]
1/test_chunk_booster.py::test_identify_elements_to_add_with_surround__distance_1[test_input2-expected2] PASSED [ 64%]
1/test_chunk_booster.py::test_identify_elements_to_add_with_surround_0_distance_2[test_input0-expected0] PASSED [ 66%]
1/test_chunk_booster.py::test_identify_elements_to_add_with_surround_0_distance_2[test_input1-expected1] PASSED [ 67%]
1/test_chunk_booster.py::test_identify_elements_to_add_with_surround_0_distance_2[test_input2-expected2] PASSED [ 69%]
1/test_chunk_booster.py::test_identify_elements_to_add_with_surround_1_distance_1[test_input0-expected0] PASSED [ 71%]
1/test_chunk_booster.py::test_identify_elements_to_add_with_surround_1_distance_1[test_input1-expected1] PASSED [ 73%]
1/test_chunk_booster.py::test_identify_elements_to_add_with_surround_1_distance_1[test_input2-expected2] PASSED [ 75%]
1/test_chunk_processor.py::test_aggregate_chunks PASSED                  [ 76%]
1/test_chunk_processor.py::test_find_relative_chunks PASSED              [ 78%]
1/test_llm_pipeline.py::test_message_handler_create_initial_messages PASSED [ 80%]
1/test_llm_pipeline.py::test_validator_validate_platform_output_valid PASSED [ 82%]
1/test_llm_pipeline.py::test_validator_validate_empty_extraction PASSED  [ 83%]
1/test_llm_pipeline.py::test_cycle_step_valid PASSED                     [ 85%]
1/test_llm_pipeline.py::test_remove_empty_extractions PASSED             [ 87%]
1/test_llm_pipeline.py::test_llm_pipeline_concatenate_chunks_text PASSED [ 89%]
1/test_llm_pipeline.py::test_invoke_llm_component PASSED                 [ 91%]
1/test_llm_xml_pipeline.py::test_invoke_llm_component_1 PASSED           [ 92%]
1/test_llm_xml_pipeline.py::test_invoke_llm_component_2 PASSED           [ 94%]
1/test_pipeline.py::test_run PASSED                                      [ 96%]
1/test_pipeline.py::test_group_by_neighbors PASSED                       [ 98%]
1/test_pipeline.py::test_process_neighbor_groups PASSED                  [100%]

---------- coverage: platform darwin, python 3.13.3-final-0 ----------
Name                         Stmts   Miss  Cover
------------------------------------------------
1/chunk_booster.py              91     41    55%
1/llm_pipeline.py              284     65    77%
1/llm_platforms.py             104     80    23%
1/semantic_search.py            98      8    92%
1/test_chunk_booster.py         44      0   100%
1/test_chunk_processor.py       18      0   100%
1/test_llm_pipeline.py          64      2    97%
1/test_llm_xml_pipeline.py      42      1    98%
1/test_pipeline.py              56      3    95%
------------------------------------------------
TOTAL                          801    200    75%


============================== 56 passed in 0.36s ==============================
Running unit tests for local-pre_cross_encoder...
cd ./model/local/model/pre_cross_encoder && python3 -m pytest -p no:warnings -vv --cov=.
============================= test session starts ==============================
platform darwin -- Python 3.13.3, pytest-8.3.3, pluggy-1.6.0 -- /Users/sindhumadicherla/Work/mlops-vector-labelling-service/vsl/bin/python3
cachedir: .pytest_cache
rootdir: /Users/sindhumadicherla/Work/mlops-vector-labelling-service/model/local/model/pre_cross_encoder
plugins: cov-3.0.0
collecting ... collected 7 items

1/test_pre_cross_encoder_tests.py::TestCreatePairs::test_create_pairs_algo_6_with_nested_results PASSED [ 14%]
1/test_pre_cross_encoder_tests.py::TestCreatePairs::test_create_pairs_algo_6_with_flat_results PASSED [ 28%]
1/test_pre_cross_encoder_tests.py::TestCreatePairs::test_create_pairs_algo_3_with_nested_results PASSED [ 42%]
1/test_pre_cross_encoder_tests.py::TestCreatePairs::test_create_pairs_algo_3_with_flat_results PASSED [ 57%]
1/test_pre_cross_encoder_tests.py::TestSemanticSearchPipelines::test_format_search_results PASSED [ 71%]
1/test_pre_cross_encoder_tests.py::TestSemanticSearchPipelines::test_validate_results_empty_results PASSED [ 85%]
1/test_pre_cross_encoder_tests.py::TestSemanticSearchPipelines::test_search PASSED [100%]

---------- coverage: platform darwin, python 3.13.3-final-0 ----------
Name                                Stmts   Miss  Cover
-------------------------------------------------------
1/semantic_search.py                   69     13    81%
1/test_pre_cross_encoder_tests.py      79      1    99%
-------------------------------------------------------
TOTAL                                 148     14    91%


============================== 7 passed in 0.18s ===============================
Running unit tests for local-pre_cross_encoder...
cd ./model/local/model/post_cross_encoder && python3 -m pytest -p no:warnings -vv --cov=.
============================= test session starts ==============================
platform darwin -- Python 3.13.3, pytest-8.3.3, pluggy-1.6.0 -- /Users/sindhumadicherla/Work/mlops-vector-labelling-service/vsl/bin/python3
cachedir: .pytest_cache
rootdir: /Users/sindhumadicherla/Work/mlops-vector-labelling-service/model/local/model/post_cross_encoder
plugins: cov-3.0.0
collecting ... collected 56 items

1/test_chunk_booster.py::test_add_surrounding_elements_with_zero_surround_num[test_input0-expected0] PASSED [  1%]
1/test_chunk_booster.py::test_add_surrounding_elements_with_zero_surround_num[test_input1-expected1] PASSED [  3%]
1/test_chunk_booster.py::test_add_surrounding_elements_with_zero_surround_num[test_input2-expected2] PASSED [  5%]
1/test_chunk_booster.py::test_add_surrounding_elements_with_one_surround_num[test_input0-expected0] PASSED [  7%]
1/test_chunk_booster.py::test_add_surrounding_elements_with_one_surround_num[test_input1-expected1] PASSED [  8%]
1/test_chunk_booster.py::test_add_surrounding_elements_with_one_surround_num[test_input2-expected2] PASSED [ 10%]
1/test_chunk_booster.py::test_add_in_between_elements_with_distance_zero[test_input0-expected0] PASSED [ 12%]
1/test_chunk_booster.py::test_add_in_between_elements_with_distance_zero[test_input1-expected1] PASSED [ 14%]
1/test_chunk_booster.py::test_add_in_between_elements_with_distance_zero[test_input2-expected2] PASSED [ 16%]
1/test_chunk_booster.py::test_add_in_between_elements_with_distance_one[test_input0-expected0] PASSED [ 17%]
1/test_chunk_booster.py::test_add_in_between_elements_with_distance_one[test_input1-expected1] PASSED [ 19%]
1/test_chunk_booster.py::test_add_in_between_elements_with_distance_one[test_input2-expected2] PASSED [ 21%]
1/test_chunk_booster.py::test_add_in_between_elements_with_distance_three[test_input0-expected0] PASSED [ 23%]
1/test_chunk_booster.py::test_add_in_between_elements_with_distance_three[test_input1-expected1] PASSED [ 25%]
1/test_chunk_booster.py::test_add_in_between_elements_with_distance_three[test_input2-expected2] PASSED [ 26%]
1/test_chunk_booster.py::test_boost_elementswith_surround_0_distance_0[test_input0-expected0] PASSED [ 28%]
1/test_chunk_booster.py::test_boost_elementswith_surround_0_distance_0[test_input1-expected1] PASSED [ 30%]
1/test_chunk_booster.py::test_boost_elementswith_surround_0_distance_0[test_input2-expected2] PASSED [ 32%]
1/test_chunk_booster.py::test_boost_elements_with_surround_1_distance_0[test_input0-expected0] PASSED [ 33%]
1/test_chunk_booster.py::test_boost_elements_with_surround_1_distance_0[test_input1-expected1] PASSED [ 35%]
1/test_chunk_booster.py::test_boost_elements_with_surround_1_distance_0[test_input2-expected2] PASSED [ 37%]
1/test_chunk_booster.py::test_boost_elements_with_surround_0_distance_1[test_input0-expected0] PASSED [ 39%]
1/test_chunk_booster.py::test_boost_elements_with_surround_0_distance_1[test_input1-expected1] PASSED [ 41%]
1/test_chunk_booster.py::test_boost_elements_with_surround_0_distance_1[test_input2-expected2] PASSED [ 42%]
1/test_chunk_booster.py::test_boost_elementswith_surround_1_distance_1[test_input0-expected0] PASSED [ 44%]
1/test_chunk_booster.py::test_boost_elementswith_surround_1_distance_1[test_input1-expected1] PASSED [ 46%]
1/test_chunk_booster.py::test_boost_elementswith_surround_1_distance_1[test_input2-expected2] PASSED [ 48%]
1/test_chunk_booster.py::test_identify_elements_to_add_with_surround_0_distance_0[test_input0-expected0] PASSED [ 50%]
1/test_chunk_booster.py::test_identify_elements_to_add_with_surround_0_distance_0[test_input1-expected1] PASSED [ 51%]
1/test_chunk_booster.py::test_identify_elements_to_add_with_surround_0_distance_0[test_input2-expected2] PASSED [ 53%]
1/test_chunk_booster.py::test_identify_elements_to_add_with_surround_1_distance_0[test_input0-expected0] PASSED [ 55%]
1/test_chunk_booster.py::test_identify_elements_to_add_with_surround_1_distance_0[test_input1-expected1] PASSED [ 57%]
1/test_chunk_booster.py::test_identify_elements_to_add_with_surround_1_distance_0[test_input2-expected2] PASSED [ 58%]
1/test_chunk_booster.py::test_identify_elements_to_add_with_surround__distance_1[test_input0-expected0] PASSED [ 60%]
1/test_chunk_booster.py::test_identify_elements_to_add_with_surround__distance_1[test_input1-expected1] PASSED [ 62%]
1/test_chunk_booster.py::test_identify_elements_to_add_with_surround__distance_1[test_input2-expected2] PASSED [ 64%]
1/test_chunk_booster.py::test_identify_elements_to_add_with_surround_0_distance_2[test_input0-expected0] PASSED [ 66%]
1/test_chunk_booster.py::test_identify_elements_to_add_with_surround_0_distance_2[test_input1-expected1] PASSED [ 67%]
1/test_chunk_booster.py::test_identify_elements_to_add_with_surround_0_distance_2[test_input2-expected2] PASSED [ 69%]
1/test_chunk_booster.py::test_identify_elements_to_add_with_surround_1_distance_1[test_input0-expected0] PASSED [ 71%]
1/test_chunk_booster.py::test_identify_elements_to_add_with_surround_1_distance_1[test_input1-expected1] PASSED [ 73%]
1/test_chunk_booster.py::test_identify_elements_to_add_with_surround_1_distance_1[test_input2-expected2] PASSED [ 75%]
1/test_chunk_processor.py::test_aggregate_chunks PASSED                  [ 76%]
1/test_chunk_processor.py::test_find_relative_chunks PASSED              [ 78%]
1/test_llm_pipeline.py::test_message_handler_create_initial_messages PASSED [ 80%]
1/test_llm_pipeline.py::test_validator_validate_platform_output_valid PASSED [ 82%]
1/test_llm_pipeline.py::test_validator_validate_empty_extraction PASSED  [ 83%]
1/test_llm_pipeline.py::test_cycle_step_valid PASSED                     [ 85%]
1/test_llm_pipeline.py::test_remove_empty_extractions PASSED             [ 87%]
1/test_llm_pipeline.py::test_llm_pipeline_concatenate_chunks_text PASSED [ 89%]
1/test_llm_pipeline.py::test_invoke_llm_component PASSED                 [ 91%]
1/test_pipeline.py::test_run PASSED                                      [ 92%]
1/test_pipeline.py::test_group_by_neighbors PASSED                       [ 94%]
1/test_pipeline.py::test_process_neighbor_groups PASSED                  [ 96%]
1/test_xml_llm_pipeline.py::test_invoke_llm_component_1 PASSED           [ 98%]
1/test_xml_llm_pipeline.py::test_invoke_llm_component_2 PASSED           [100%]

---------- coverage: platform darwin, python 3.13.3-final-0 ----------
Name                         Stmts   Miss  Cover
------------------------------------------------
1/chunk_booster.py              91     41    55%
1/llm_pipeline.py              284     65    77%
1/llm_platforms.py             104     80    23%
1/semantic_search.py            98      8    92%
1/test_chunk_booster.py         44      0   100%
1/test_chunk_processor.py       18      0   100%
1/test_llm_pipeline.py          64      2    97%
1/test_pipeline.py              56      3    95%
1/test_xml_llm_pipeline.py      42      1    98%
------------------------------------------------
TOTAL                          801    200    75%


============================== 56 passed in 0.31s ==============================
